This file contains any messages produced by compilers while
running configure, to aid debugging if configure makes a mistake.

It was created by libeztcp configure 0.0, which was
generated by GNU Autoconf 2.69.  Invocation command line was

  $ ./configure 

## --------- ##
## Platform. ##
## --------- ##

hostname = Momo-Precision-WorkStation-T3500
uname -m = x86_64
uname -r = 5.3.0-51-generic
uname -s = Linux
uname -v = #44~18.04.2-Ubuntu SMP Thu Apr 23 14:27:18 UTC 2020

/usr/bin/uname -p = unknown
/bin/uname -X     = unknown

/bin/arch              = unknown
/usr/bin/arch -k       = unknown
/usr/convex/getsysinfo = unknown
/usr/bin/hostinfo      = unknown
/bin/machine           = unknown
/usr/bin/oslevel       = unknown
/bin/universe          = unknown

PATH: /usr/local/sbin
PATH: /usr/local/bin
PATH: /usr/sbin
PATH: /usr/bin
PATH: /sbin
PATH: /bin
PATH: /usr/games
PATH: /usr/local/games
PATH: /snap/bin


## ----------- ##
## Core tests. ##
## ----------- ##

configure:2275: checking for a BSD-compatible install
configure:2343: result: /usr/bin/install -c
configure:2354: checking whether build environment is sane
configure:2409: result: yes
configure:2560: checking for a thread-safe mkdir -p
configure:2599: result: /bin/mkdir -p
configure:2606: checking for gawk
configure:2636: result: no
configure:2606: checking for mawk
configure:2622: found /usr/bin/mawk
configure:2633: result: mawk
configure:2644: checking whether make sets $(MAKE)
configure:2666: result: yes
configure:2695: checking whether make supports nested variables
configure:2712: result: yes
configure:2886: checking for gcc
configure:2902: found /usr/bin/gcc
configure:2913: result: gcc
configure:3142: checking for C compiler version
configure:3151: gcc --version >&5
gcc (Ubuntu 7.5.0-3ubuntu1~18.04) 7.5.0
Copyright (C) 2017 Free Software Foundation, Inc.
This is free software; see the source for copying conditions.  There is NO
warranty; not even for MERCHANTABILITY or FITNESS FOR A PARTICULAR PURPOSE.

configure:3162: $? = 0
configure:3151: gcc -v >&5
Using built-in specs.
COLLECT_GCC=gcc
COLLECT_LTO_WRAPPER=/usr/lib/gcc/x86_64-linux-gnu/7/lto-wrapper
OFFLOAD_TARGET_NAMES=nvptx-none
OFFLOAD_TARGET_DEFAULT=1
Target: x86_64-linux-gnu
Configured with: ../src/configure -v --with-pkgversion='Ubuntu 7.5.0-3ubuntu1~18.04' --with-bugurl=file:///usr/share/doc/gcc-7/README.Bugs --enable-languages=c,ada,c++,go,brig,d,fortran,objc,obj-c++ --prefix=/usr --with-gcc-major-version-only --program-suffix=-7 --program-prefix=x86_64-linux-gnu- --enable-shared --enable-linker-build-id --libexecdir=/usr/lib --without-included-gettext --enable-threads=posix --libdir=/usr/lib --enable-nls --enable-bootstrap --enable-clocale=gnu --enable-libstdcxx-debug --enable-libstdcxx-time=yes --with-default-libstdcxx-abi=new --enable-gnu-unique-object --disable-vtable-verify --enable-libmpx --enable-plugin --enable-default-pie --with-system-zlib --with-target-system-zlib --enable-objc-gc=auto --enable-multiarch --disable-werror --with-arch-32=i686 --with-abi=m64 --with-multilib-list=m32,m64,mx32 --enable-multilib --with-tune=generic --enable-offload-targets=nvptx-none --without-cuda-driver --enable-checking=release --build=x86_64-linux-gnu --host=x86_64-linux-gnu --target=x86_64-linux-gnu
Thread model: posix
gcc version 7.5.0 (Ubuntu 7.5.0-3ubuntu1~18.04) 
configure:3162: $? = 0
configure:3151: gcc -V >&5
gcc: error: unrecognized command line option '-V'
gcc: fatal error: no input files
compilation terminated.
configure:3162: $? = 1
configure:3151: gcc -qversion >&5
gcc: error: unrecognized command line option '-qversion'; did you mean '--version'?
gcc: fatal error: no input files
compilation terminated.
configure:3162: $? = 1
configure:3182: checking whether the C compiler works
configure:3204: gcc    conftest.c  >&5
configure:3208: $? = 0
configure:3256: result: yes
configure:3259: checking for C compiler default output file name
configure:3261: result: a.out
configure:3267: checking for suffix of executables
configure:3274: gcc -o conftest    conftest.c  >&5
configure:3278: $? = 0
configure:3300: result: 
configure:3322: checking whether we are cross compiling
configure:3330: gcc -o conftest    conftest.c  >&5
configure:3334: $? = 0
configure:3341: ./conftest
configure:3345: $? = 0
configure:3360: result: no
configure:3365: checking for suffix of object files
configure:3387: gcc -c   conftest.c >&5
configure:3391: $? = 0
configure:3412: result: o
configure:3416: checking whether we are using the GNU C compiler
configure:3435: gcc -c   conftest.c >&5
configure:3435: $? = 0
configure:3444: result: yes
configure:3453: checking whether gcc accepts -g
configure:3473: gcc -c -g  conftest.c >&5
configure:3473: $? = 0
configure:3514: result: yes
configure:3531: checking for gcc option to accept ISO C89
configure:3594: gcc  -c -g -O2  conftest.c >&5
configure:3594: $? = 0
configure:3607: result: none needed
configure:3632: checking whether gcc understands -c and -o together
configure:3654: gcc -c conftest.c -o conftest2.o
configure:3657: $? = 0
configure:3654: gcc -c conftest.c -o conftest2.o
configure:3657: $? = 0
configure:3669: result: yes
configure:3697: checking for style of include used by make
configure:3725: result: GNU
configure:3751: checking dependency style of gcc
configure:3862: result: gcc3
configure:3927: checking for ar
configure:3943: found /usr/bin/ar
configure:3954: result: ar
configure:3980: checking the archiver (ar) interface
configure:3996: gcc -c -g -O2  conftest.c >&5
configure:3996: $? = 0
configure:3998: ar cru libconftest.a conftest.o >&5
ar: `u' modifier ignored since `D' is the default (see `U')
configure:4001: $? = 0
configure:4029: result: ar
configure:4078: checking build system type
configure:4092: result: x86_64-pc-linux-gnu
configure:4112: checking host system type
configure:4125: result: x86_64-pc-linux-gnu
configure:4166: checking how to print strings
configure:4193: result: printf
configure:4214: checking for a sed that does not truncate output
configure:4278: result: /bin/sed
configure:4296: checking for grep that handles long lines and -e
configure:4354: result: /bin/grep
configure:4359: checking for egrep
configure:4421: result: /bin/grep -E
configure:4426: checking for fgrep
configure:4488: result: /bin/grep -F
configure:4523: checking for ld used by gcc
configure:4590: result: /usr/bin/ld
configure:4597: checking if the linker (/usr/bin/ld) is GNU ld
configure:4612: result: yes
configure:4624: checking for BSD- or MS-compatible name lister (nm)
configure:4678: result: /usr/bin/nm -B
configure:4808: checking the name lister (/usr/bin/nm -B) interface
configure:4815: gcc -c -g -O2  conftest.c >&5
configure:4818: /usr/bin/nm -B "conftest.o"
configure:4821: output
0000000000000000 B some_variable
configure:4828: result: BSD nm
configure:4831: checking whether ln -s works
configure:4835: result: yes
configure:4843: checking the maximum length of command line arguments
configure:4974: result: 1572864
configure:5022: checking how to convert x86_64-pc-linux-gnu file names to x86_64-pc-linux-gnu format
configure:5062: result: func_convert_file_noop
configure:5069: checking how to convert x86_64-pc-linux-gnu file names to toolchain format
configure:5089: result: func_convert_file_noop
configure:5096: checking for /usr/bin/ld option to reload object files
configure:5103: result: -r
configure:5177: checking for objdump
configure:5193: found /usr/bin/objdump
configure:5204: result: objdump
configure:5236: checking how to recognize dependent libraries
configure:5436: result: pass_all
configure:5521: checking for dlltool
configure:5551: result: no
configure:5581: checking how to associate runtime and link libraries
configure:5608: result: printf %s\n
configure:5732: checking for archiver @FILE support
configure:5749: gcc -c -g -O2  conftest.c >&5
configure:5749: $? = 0
configure:5752: ar cru libconftest.a @conftest.lst >&5
ar: `u' modifier ignored since `D' is the default (see `U')
configure:5755: $? = 0
configure:5760: ar cru libconftest.a @conftest.lst >&5
ar: `u' modifier ignored since `D' is the default (see `U')
ar: conftest.o: No such file or directory
configure:5763: $? = 1
configure:5775: result: @
configure:5833: checking for strip
configure:5849: found /usr/bin/strip
configure:5860: result: strip
configure:5932: checking for ranlib
configure:5948: found /usr/bin/ranlib
configure:5959: result: ranlib
configure:6061: checking command to parse /usr/bin/nm -B output from gcc object
configure:6214: gcc -c -g -O2  conftest.c >&5
configure:6217: $? = 0
configure:6221: /usr/bin/nm -B conftest.o \| sed -n -e 's/^.*[ ]\([ABCDGIRSTW][ABCDGIRSTW]*\)[ ][ ]*\([_A-Za-z][_A-Za-z0-9]*\)$/\1 \2 \2/p' | sed '/ __gnu_lto/d' \> conftest.nm
configure:6224: $? = 0
configure:6290: gcc -o conftest -g -O2   conftest.c conftstm.o >&5
configure:6293: $? = 0
configure:6331: result: ok
configure:6378: checking for sysroot
configure:6408: result: no
configure:6415: checking for a working dd
configure:6453: result: /bin/dd
configure:6457: checking how to truncate binary pipes
configure:6472: result: /bin/dd bs=4096 count=1
configure:6608: gcc -c -g -O2  conftest.c >&5
configure:6611: $? = 0
configure:6801: checking for mt
configure:6817: found /bin/mt
configure:6828: result: mt
configure:6851: checking if mt is a manifest tool
configure:6857: mt '-?'
configure:6865: result: no
configure:7542: checking how to run the C preprocessor
configure:7573: gcc -E  conftest.c
configure:7573: $? = 0
configure:7587: gcc -E  conftest.c
conftest.c:11:10: fatal error: ac_nonexistent.h: No such file or directory
 #include <ac_nonexistent.h>
          ^~~~~~~~~~~~~~~~~~
compilation terminated.
configure:7587: $? = 1
configure: failed program was:
| /* confdefs.h */
| #define PACKAGE_NAME "libeztcp"
| #define PACKAGE_TARNAME "libeztcp"
| #define PACKAGE_VERSION "0.0"
| #define PACKAGE_STRING "libeztcp 0.0"
| #define PACKAGE_BUGREPORT "laurence.a.maddox@gmail.com"
| #define PACKAGE_URL ""
| #define PACKAGE "libeztcp"
| #define VERSION "0.0"
| /* end confdefs.h.  */
| #include <ac_nonexistent.h>
configure:7612: result: gcc -E
configure:7632: gcc -E  conftest.c
configure:7632: $? = 0
configure:7646: gcc -E  conftest.c
conftest.c:11:10: fatal error: ac_nonexistent.h: No such file or directory
 #include <ac_nonexistent.h>
          ^~~~~~~~~~~~~~~~~~
compilation terminated.
configure:7646: $? = 1
configure: failed program was:
| /* confdefs.h */
| #define PACKAGE_NAME "libeztcp"
| #define PACKAGE_TARNAME "libeztcp"
| #define PACKAGE_VERSION "0.0"
| #define PACKAGE_STRING "libeztcp 0.0"
| #define PACKAGE_BUGREPORT "laurence.a.maddox@gmail.com"
| #define PACKAGE_URL ""
| #define PACKAGE "libeztcp"
| #define VERSION "0.0"
| /* end confdefs.h.  */
| #include <ac_nonexistent.h>
configure:7675: checking for ANSI C header files
configure:7695: gcc -c -g -O2  conftest.c >&5
configure:7695: $? = 0
configure:7768: gcc -o conftest -g -O2   conftest.c  >&5
configure:7768: $? = 0
configure:7768: ./conftest
configure:7768: $? = 0
configure:7779: result: yes
configure:7792: checking for sys/types.h
configure:7792: gcc -c -g -O2  conftest.c >&5
configure:7792: $? = 0
configure:7792: result: yes
configure:7792: checking for sys/stat.h
configure:7792: gcc -c -g -O2  conftest.c >&5
configure:7792: $? = 0
configure:7792: result: yes
configure:7792: checking for stdlib.h
configure:7792: gcc -c -g -O2  conftest.c >&5
configure:7792: $? = 0
configure:7792: result: yes
configure:7792: checking for string.h
configure:7792: gcc -c -g -O2  conftest.c >&5
configure:7792: $? = 0
configure:7792: result: yes
configure:7792: checking for memory.h
configure:7792: gcc -c -g -O2  conftest.c >&5
configure:7792: $? = 0
configure:7792: result: yes
configure:7792: checking for strings.h
configure:7792: gcc -c -g -O2  conftest.c >&5
configure:7792: $? = 0
configure:7792: result: yes
configure:7792: checking for inttypes.h
configure:7792: gcc -c -g -O2  conftest.c >&5
configure:7792: $? = 0
configure:7792: result: yes
configure:7792: checking for stdint.h
configure:7792: gcc -c -g -O2  conftest.c >&5
configure:7792: $? = 0
configure:7792: result: yes
configure:7792: checking for unistd.h
configure:7792: gcc -c -g -O2  conftest.c >&5
configure:7792: $? = 0
configure:7792: result: yes
configure:7806: checking for dlfcn.h
configure:7806: gcc -c -g -O2  conftest.c >&5
configure:7806: $? = 0
configure:7806: result: yes
configure:8062: checking for objdir
configure:8077: result: .libs
configure:8341: checking if gcc supports -fno-rtti -fno-exceptions
configure:8359: gcc -c -g -O2  -fno-rtti -fno-exceptions conftest.c >&5
cc1: warning: command line option '-fno-rtti' is valid for C++/ObjC++ but not for C
configure:8363: $? = 0
configure:8376: result: no
configure:8734: checking for gcc option to produce PIC
configure:8741: result: -fPIC -DPIC
configure:8749: checking if gcc PIC flag -fPIC -DPIC works
configure:8767: gcc -c -g -O2  -fPIC -DPIC -DPIC conftest.c >&5
configure:8771: $? = 0
configure:8784: result: yes
configure:8813: checking if gcc static flag -static works
configure:8841: result: yes
configure:8856: checking if gcc supports -c -o file.o
configure:8877: gcc -c -g -O2  -o out/conftest2.o conftest.c >&5
configure:8881: $? = 0
configure:8903: result: yes
configure:8911: checking if gcc supports -c -o file.o
configure:8958: result: yes
configure:8991: checking whether the gcc linker (/usr/bin/ld -m elf_x86_64) supports shared libraries
configure:10254: result: yes
configure:10291: checking whether -lc should be explicitly linked in
configure:10299: gcc -c -g -O2  conftest.c >&5
configure:10302: $? = 0
configure:10317: gcc -shared  -fPIC -DPIC conftest.o  -v -Wl,-soname -Wl,conftest -o conftest 2\>\&1 \| /bin/grep  -lc  \>/dev/null 2\>\&1
configure:10320: $? = 0
configure:10334: result: no
configure:10494: checking dynamic linker characteristics
configure:11075: gcc -o conftest -g -O2   -Wl,-rpath -Wl,/foo conftest.c  >&5
configure:11075: $? = 0
configure:11324: result: GNU/Linux ld.so
configure:11446: checking how to hardcode library paths into programs
configure:11471: result: immediate
configure:12019: checking whether stripping libraries is possible
configure:12024: result: yes
configure:12059: checking if libtool supports shared libraries
configure:12061: result: yes
configure:12064: checking whether to build shared libraries
configure:12089: result: yes
configure:12092: checking whether to build static libraries
configure:12096: result: yes
configure:12158: checking for stdint.h
configure:12158: result: yes
configure:12158: checking for strings.h
configure:12158: result: yes
configure:12158: checking for unistd.h
configure:12158: result: yes
configure:12171: checking arpa/inet.h usability
configure:12171: gcc -c -g -O2  conftest.c >&5
configure:12171: $? = 0
configure:12171: result: yes
configure:12171: checking arpa/inet.h presence
configure:12171: gcc -E  conftest.c
configure:12171: $? = 0
configure:12171: result: yes
configure:12171: checking for arpa/inet.h
configure:12171: result: yes
configure:12171: checking netinet/in.h usability
configure:12171: gcc -c -g -O2  conftest.c >&5
configure:12171: $? = 0
configure:12171: result: yes
configure:12171: checking netinet/in.h presence
configure:12171: gcc -E  conftest.c
configure:12171: $? = 0
configure:12171: result: yes
configure:12171: checking for netinet/in.h
configure:12171: result: yes
configure:12171: checking for sys/types.h
configure:12171: result: yes
configure:12171: checking sys/socket.h usability
configure:12171: gcc -c -g -O2  conftest.c >&5
configure:12171: $? = 0
configure:12171: result: yes
configure:12171: checking sys/socket.h presence
configure:12171: gcc -E  conftest.c
configure:12171: $? = 0
configure:12171: result: yes
configure:12171: checking for sys/socket.h
configure:12171: result: yes
configure:12184: checking restart.h usability
configure:12184: gcc -c -g -O2  conftest.c >&5
In file included from /usr/local/include/restart.h:13:0,
                 from conftest.c:63:
/usr/local/include/glitter.h:53:1: note: #pragma message: TODO - hygienic min/max macros
 TODO (hygienic min/max macros)
 ^~~~
/usr/local/include/glitter.h:67:1: note: #pragma message: TODO - hygienic ARRSZ macro
 TODO (hygienic ARRSZ macro)
 ^~~~
configure:12184: $? = 0
configure:12184: result: yes
configure:12184: checking restart.h presence
configure:12184: gcc -E  conftest.c
configure:12184: $? = 0
configure:12184: result: yes
configure:12184: checking for restart.h
configure:12184: result: yes
configure:12184: checking glitter.h usability
configure:12184: gcc -c -g -O2  conftest.c >&5
In file included from conftest.c:64:0:
/usr/local/include/glitter.h:53:1: note: #pragma message: TODO - hygienic min/max macros
 TODO (hygienic min/max macros)
 ^~~~
/usr/local/include/glitter.h:67:1: note: #pragma message: TODO - hygienic ARRSZ macro
 TODO (hygienic ARRSZ macro)
 ^~~~
configure:12184: $? = 0
configure:12184: result: yes
configure:12184: checking glitter.h presence
configure:12184: gcc -E  conftest.c
configure:12184: $? = 0
configure:12184: result: yes
configure:12184: checking for glitter.h
configure:12184: result: yes
configure:12195: checking for r_close in -lrestart
configure:12220: gcc -o conftest -g -O2   conftest.c -lrestart   >&5
configure:12220: $? = 0
configure:12229: result: yes
configure:12257: checking whether C compiler accepts -Wextra
configure:12276: gcc -c -g -O2  -Wextra  conftest.c >&5
configure:12276: $? = 0
configure:12285: result: yes
configure:12301: : CFLAGS="$CFLAGS"
configure:12304: $? = 0
configure:12332: checking whether C compiler accepts -pedantic
configure:12351: gcc -c -g -O2 -Wextra  -pedantic  conftest.c >&5
configure:12351: $? = 0
configure:12360: result: yes
configure:12376: : CFLAGS="$CFLAGS"
configure:12379: $? = 0
configure:12407: checking whether C compiler accepts -ansi
configure:12426: gcc -c -g -O2 -Wextra -pedantic  -ansi  conftest.c >&5
configure:12426: $? = 0
configure:12435: result: yes
configure:12451: : CFLAGS="$CFLAGS"
configure:12454: $? = 0
configure:12482: checking whether C compiler accepts -Werror
configure:12501: gcc -c -g -O2 -Wextra -pedantic -ansi  -Werror  conftest.c >&5
configure:12501: $? = 0
configure:12510: result: yes
configure:12526: : CFLAGS="$CFLAGS"
configure:12529: $? = 0
configure:12557: checking whether C compiler accepts -Wdouble-promotion
configure:12576: gcc -c -g -O2 -Wextra -pedantic -ansi -Werror  -Wdouble-promotion  conftest.c >&5
configure:12576: $? = 0
configure:12585: result: yes
configure:12601: : CFLAGS="$CFLAGS"
configure:12604: $? = 0
configure:12632: checking whether C compiler accepts -Wformat=2
configure:12651: gcc -c -g -O2 -Wextra -pedantic -ansi -Werror -Wdouble-promotion  -Wformat=2  conftest.c >&5
configure:12651: $? = 0
configure:12660: result: yes
configure:12676: : CFLAGS="$CFLAGS"
configure:12679: $? = 0
configure:12707: checking whether C compiler accepts -Wswitch-default
configure:12726: gcc -c -g -O2 -Wextra -pedantic -ansi -Werror -Wdouble-promotion -Wformat=2  -Wswitch-default  conftest.c >&5
configure:12726: $? = 0
configure:12735: result: yes
configure:12751: : CFLAGS="$CFLAGS"
configure:12754: $? = 0
configure:12782: checking whether C compiler accepts -Wswitch-enum
configure:12801: gcc -c -g -O2 -Wextra -pedantic -ansi -Werror -Wdouble-promotion -Wformat=2 -Wswitch-default  -Wswitch-enum  conftest.c >&5
configure:12801: $? = 0
configure:12810: result: yes
configure:12826: : CFLAGS="$CFLAGS"
configure:12829: $? = 0
configure:12857: checking whether C compiler accepts -Wuninitialized
configure:12876: gcc -c -g -O2 -Wextra -pedantic -ansi -Werror -Wdouble-promotion -Wformat=2 -Wswitch-default -Wswitch-enum  -Wuninitialized  conftest.c >&5
configure:12876: $? = 0
configure:12885: result: yes
configure:12901: : CFLAGS="$CFLAGS"
configure:12904: $? = 0
configure:12932: checking whether C compiler accepts -Wstrict-aliasing=1
configure:12951: gcc -c -g -O2 -Wextra -pedantic -ansi -Werror -Wdouble-promotion -Wformat=2 -Wswitch-default -Wswitch-enum -Wuninitialized  -Wstrict-aliasing=1  conftest.c >&5
configure:12951: $? = 0
configure:12960: result: yes
configure:12976: : CFLAGS="$CFLAGS"
configure:12979: $? = 0
configure:13007: checking whether C compiler accepts -Wstrict-overflow=5
configure:13026: gcc -c -g -O2 -Wextra -pedantic -ansi -Werror -Wdouble-promotion -Wformat=2 -Wswitch-default -Wswitch-enum -Wuninitialized -Wstrict-aliasing=1  -Wstrict-overflow=5  conftest.c >&5
configure:13026: $? = 0
configure:13035: result: yes
configure:13051: : CFLAGS="$CFLAGS"
configure:13054: $? = 0
configure:13082: checking whether C compiler accepts -Wsuggest-attribute=pure
configure:13101: gcc -c -g -O2 -Wextra -pedantic -ansi -Werror -Wdouble-promotion -Wformat=2 -Wswitch-default -Wswitch-enum -Wuninitialized -Wstrict-aliasing=1 -Wstrict-overflow=5  -Wsuggest-attribute=pure  conftest.c >&5
configure:13101: $? = 0
configure:13110: result: yes
configure:13126: : CFLAGS="$CFLAGS"
configure:13129: $? = 0
configure:13157: checking whether C compiler accepts -Wsuggest-attribute=const
configure:13176: gcc -c -g -O2 -Wextra -pedantic -ansi -Werror -Wdouble-promotion -Wformat=2 -Wswitch-default -Wswitch-enum -Wuninitialized -Wstrict-aliasing=1 -Wstrict-overflow=5 -Wsuggest-attribute=pure  -Wsuggest-attribute=const  conftest.c >&5
conftest.c: In function 'main':
conftest.c:35:1: error: function might be candidate for attribute 'const' [-Werror=suggest-attribute=const]
 main ()
 ^~~~
cc1: all warnings being treated as errors
configure:13176: $? = 1
configure: failed program was:
| /* confdefs.h */
| #define PACKAGE_NAME "libeztcp"
| #define PACKAGE_TARNAME "libeztcp"
| #define PACKAGE_VERSION "0.0"
| #define PACKAGE_STRING "libeztcp 0.0"
| #define PACKAGE_BUGREPORT "laurence.a.maddox@gmail.com"
| #define PACKAGE_URL ""
| #define PACKAGE "libeztcp"
| #define VERSION "0.0"
| #define STDC_HEADERS 1
| #define HAVE_SYS_TYPES_H 1
| #define HAVE_SYS_STAT_H 1
| #define HAVE_STDLIB_H 1
| #define HAVE_STRING_H 1
| #define HAVE_MEMORY_H 1
| #define HAVE_STRINGS_H 1
| #define HAVE_INTTYPES_H 1
| #define HAVE_STDINT_H 1
| #define HAVE_UNISTD_H 1
| #define HAVE_DLFCN_H 1
| #define LT_OBJDIR ".libs/"
| #define HAVE_STDINT_H 1
| #define HAVE_STRINGS_H 1
| #define HAVE_UNISTD_H 1
| #define HAVE_ARPA_INET_H 1
| #define HAVE_NETINET_IN_H 1
| #define HAVE_SYS_TYPES_H 1
| #define HAVE_SYS_SOCKET_H 1
| #define HAVE_RESTART_H 1
| #define HAVE_GLITTER_H 1
| #define HAVE_LIBRESTART 1
| /* end confdefs.h.  */
| 
| int
| main ()
| {
| 
|   ;
|   return 0;
| }
configure:13185: result: no
configure:13232: checking whether C compiler accepts -Wsuggest-attribute=noreturn
configure:13251: gcc -c -g -O2 -Wextra -pedantic -ansi -Werror -Wdouble-promotion -Wformat=2 -Wswitch-default -Wswitch-enum -Wuninitialized -Wstrict-aliasing=1 -Wstrict-overflow=5 -Wsuggest-attribute=pure  -Wsuggest-attribute=noreturn  conftest.c >&5
configure:13251: $? = 0
configure:13260: result: yes
configure:13276: : CFLAGS="$CFLAGS"
configure:13279: $? = 0
configure:13307: checking whether C compiler accepts -Wsuggest-attribute=format
configure:13326: gcc -c -g -O2 -Wextra -pedantic -ansi -Werror -Wdouble-promotion -Wformat=2 -Wswitch-default -Wswitch-enum -Wuninitialized -Wstrict-aliasing=1 -Wstrict-overflow=5 -Wsuggest-attribute=pure -Wsuggest-attribute=noreturn  -Wsuggest-attribute=format  conftest.c >&5
configure:13326: $? = 0
configure:13335: result: yes
configure:13351: : CFLAGS="$CFLAGS"
configure:13354: $? = 0
configure:13382: checking whether C compiler accepts -Warray-bounds=2
configure:13401: gcc -c -g -O2 -Wextra -pedantic -ansi -Werror -Wdouble-promotion -Wformat=2 -Wswitch-default -Wswitch-enum -Wuninitialized -Wstrict-aliasing=1 -Wstrict-overflow=5 -Wsuggest-attribute=pure -Wsuggest-attribute=noreturn -Wsuggest-attribute=format  -Warray-bounds=2  conftest.c >&5
configure:13401: $? = 0
configure:13410: result: yes
configure:13426: : CFLAGS="$CFLAGS"
configure:13429: $? = 0
configure:13457: checking whether C compiler accepts -Wtrampolines
configure:13476: gcc -c -g -O2 -Wextra -pedantic -ansi -Werror -Wdouble-promotion -Wformat=2 -Wswitch-default -Wswitch-enum -Wuninitialized -Wstrict-aliasing=1 -Wstrict-overflow=5 -Wsuggest-attribute=pure -Wsuggest-attribute=noreturn -Wsuggest-attribute=format -Warray-bounds=2  -Wtrampolines  conftest.c >&5
configure:13476: $? = 0
configure:13485: result: yes
configure:13501: : CFLAGS="$CFLAGS"
configure:13504: $? = 0
configure:13532: checking whether C compiler accepts -Wfloat-equal
configure:13551: gcc -c -g -O2 -Wextra -pedantic -ansi -Werror -Wdouble-promotion -Wformat=2 -Wswitch-default -Wswitch-enum -Wuninitialized -Wstrict-aliasing=1 -Wstrict-overflow=5 -Wsuggest-attribute=pure -Wsuggest-attribute=noreturn -Wsuggest-attribute=format -Warray-bounds=2 -Wtrampolines  -Wfloat-equal  conftest.c >&5
configure:13551: $? = 0
configure:13560: result: yes
configure:13576: : CFLAGS="$CFLAGS"
configure:13579: $? = 0
configure:13607: checking whether C compiler accepts -Wtraditional-conversion
configure:13626: gcc -c -g -O2 -Wextra -pedantic -ansi -Werror -Wdouble-promotion -Wformat=2 -Wswitch-default -Wswitch-enum -Wuninitialized -Wstrict-aliasing=1 -Wstrict-overflow=5 -Wsuggest-attribute=pure -Wsuggest-attribute=noreturn -Wsuggest-attribute=format -Warray-bounds=2 -Wtrampolines -Wfloat-equal  -Wtraditional-conversion  conftest.c >&5
configure:13626: $? = 0
configure:13635: result: yes
configure:13651: : CFLAGS="$CFLAGS"
configure:13654: $? = 0
configure:13682: checking whether C compiler accepts -Wdeclaration-after-statement
configure:13701: gcc -c -g -O2 -Wextra -pedantic -ansi -Werror -Wdouble-promotion -Wformat=2 -Wswitch-default -Wswitch-enum -Wuninitialized -Wstrict-aliasing=1 -Wstrict-overflow=5 -Wsuggest-attribute=pure -Wsuggest-attribute=noreturn -Wsuggest-attribute=format -Warray-bounds=2 -Wtrampolines -Wfloat-equal -Wtraditional-conversion  -Wdeclaration-after-statement  conftest.c >&5
configure:13701: $? = 0
configure:13710: result: yes
configure:13726: : CFLAGS="$CFLAGS"
configure:13729: $? = 0
configure:13757: checking whether C compiler accepts -Wundef
configure:13776: gcc -c -g -O2 -Wextra -pedantic -ansi -Werror -Wdouble-promotion -Wformat=2 -Wswitch-default -Wswitch-enum -Wuninitialized -Wstrict-aliasing=1 -Wstrict-overflow=5 -Wsuggest-attribute=pure -Wsuggest-attribute=noreturn -Wsuggest-attribute=format -Warray-bounds=2 -Wtrampolines -Wfloat-equal -Wtraditional-conversion -Wdeclaration-after-statement  -Wundef  conftest.c >&5
configure:13776: $? = 0
configure:13785: result: yes
configure:13801: : CFLAGS="$CFLAGS"
configure:13804: $? = 0
configure:13832: checking whether C compiler accepts -Wshadow
configure:13851: gcc -c -g -O2 -Wextra -pedantic -ansi -Werror -Wdouble-promotion -Wformat=2 -Wswitch-default -Wswitch-enum -Wuninitialized -Wstrict-aliasing=1 -Wstrict-overflow=5 -Wsuggest-attribute=pure -Wsuggest-attribute=noreturn -Wsuggest-attribute=format -Warray-bounds=2 -Wtrampolines -Wfloat-equal -Wtraditional-conversion -Wdeclaration-after-statement -Wundef  -Wshadow  conftest.c >&5
configure:13851: $? = 0
configure:13860: result: yes
configure:13876: : CFLAGS="$CFLAGS"
configure:13879: $? = 0
configure:13907: checking whether C compiler accepts -Wunsafe-loop-optimizations
configure:13926: gcc -c -g -O2 -Wextra -pedantic -ansi -Werror -Wdouble-promotion -Wformat=2 -Wswitch-default -Wswitch-enum -Wuninitialized -Wstrict-aliasing=1 -Wstrict-overflow=5 -Wsuggest-attribute=pure -Wsuggest-attribute=noreturn -Wsuggest-attribute=format -Warray-bounds=2 -Wtrampolines -Wfloat-equal -Wtraditional-conversion -Wdeclaration-after-statement -Wundef -Wshadow  -Wunsafe-loop-optimizations  conftest.c >&5
configure:13926: $? = 0
configure:13935: result: yes
configure:13951: : CFLAGS="$CFLAGS"
configure:13954: $? = 0
configure:13982: checking whether C compiler accepts -Wbad-function-cast
configure:14001: gcc -c -g -O2 -Wextra -pedantic -ansi -Werror -Wdouble-promotion -Wformat=2 -Wswitch-default -Wswitch-enum -Wuninitialized -Wstrict-aliasing=1 -Wstrict-overflow=5 -Wsuggest-attribute=pure -Wsuggest-attribute=noreturn -Wsuggest-attribute=format -Warray-bounds=2 -Wtrampolines -Wfloat-equal -Wtraditional-conversion -Wdeclaration-after-statement -Wundef -Wshadow -Wunsafe-loop-optimizations  -Wbad-function-cast  conftest.c >&5
configure:14001: $? = 0
configure:14010: result: yes
configure:14026: : CFLAGS="$CFLAGS"
configure:14029: $? = 0
configure:14057: checking whether C compiler accepts -Wcast-qual
configure:14076: gcc -c -g -O2 -Wextra -pedantic -ansi -Werror -Wdouble-promotion -Wformat=2 -Wswitch-default -Wswitch-enum -Wuninitialized -Wstrict-aliasing=1 -Wstrict-overflow=5 -Wsuggest-attribute=pure -Wsuggest-attribute=noreturn -Wsuggest-attribute=format -Warray-bounds=2 -Wtrampolines -Wfloat-equal -Wtraditional-conversion -Wdeclaration-after-statement -Wundef -Wshadow -Wunsafe-loop-optimizations -Wbad-function-cast  -Wcast-qual  conftest.c >&5
configure:14076: $? = 0
configure:14085: result: yes
configure:14101: : CFLAGS="$CFLAGS"
configure:14104: $? = 0
configure:14132: checking whether C compiler accepts -Wcast-align
configure:14151: gcc -c -g -O2 -Wextra -pedantic -ansi -Werror -Wdouble-promotion -Wformat=2 -Wswitch-default -Wswitch-enum -Wuninitialized -Wstrict-aliasing=1 -Wstrict-overflow=5 -Wsuggest-attribute=pure -Wsuggest-attribute=noreturn -Wsuggest-attribute=format -Warray-bounds=2 -Wtrampolines -Wfloat-equal -Wtraditional-conversion -Wdeclaration-after-statement -Wundef -Wshadow -Wunsafe-loop-optimizations -Wbad-function-cast -Wcast-qual  -Wcast-align  conftest.c >&5
configure:14151: $? = 0
configure:14160: result: yes
configure:14176: : CFLAGS="$CFLAGS"
configure:14179: $? = 0
configure:14207: checking whether C compiler accepts -Wwrite-strings
configure:14226: gcc -c -g -O2 -Wextra -pedantic -ansi -Werror -Wdouble-promotion -Wformat=2 -Wswitch-default -Wswitch-enum -Wuninitialized -Wstrict-aliasing=1 -Wstrict-overflow=5 -Wsuggest-attribute=pure -Wsuggest-attribute=noreturn -Wsuggest-attribute=format -Warray-bounds=2 -Wtrampolines -Wfloat-equal -Wtraditional-conversion -Wdeclaration-after-statement -Wundef -Wshadow -Wunsafe-loop-optimizations -Wbad-function-cast -Wcast-qual -Wcast-align  -Wwrite-strings  conftest.c >&5
configure:14226: $? = 0
configure:14235: result: yes
configure:14251: : CFLAGS="$CFLAGS"
configure:14254: $? = 0
configure:14282: checking whether C compiler accepts -Wconversion
configure:14301: gcc -c -g -O2 -Wextra -pedantic -ansi -Werror -Wdouble-promotion -Wformat=2 -Wswitch-default -Wswitch-enum -Wuninitialized -Wstrict-aliasing=1 -Wstrict-overflow=5 -Wsuggest-attribute=pure -Wsuggest-attribute=noreturn -Wsuggest-attribute=format -Warray-bounds=2 -Wtrampolines -Wfloat-equal -Wtraditional-conversion -Wdeclaration-after-statement -Wundef -Wshadow -Wunsafe-loop-optimizations -Wbad-function-cast -Wcast-qual -Wcast-align -Wwrite-strings  -Wconversion  conftest.c >&5
configure:14301: $? = 0
configure:14310: result: yes
configure:14326: : CFLAGS="$CFLAGS"
configure:14329: $? = 0
configure:14357: checking whether C compiler accepts -Wjump-misses-init
configure:14376: gcc -c -g -O2 -Wextra -pedantic -ansi -Werror -Wdouble-promotion -Wformat=2 -Wswitch-default -Wswitch-enum -Wuninitialized -Wstrict-aliasing=1 -Wstrict-overflow=5 -Wsuggest-attribute=pure -Wsuggest-attribute=noreturn -Wsuggest-attribute=format -Warray-bounds=2 -Wtrampolines -Wfloat-equal -Wtraditional-conversion -Wdeclaration-after-statement -Wundef -Wshadow -Wunsafe-loop-optimizations -Wbad-function-cast -Wcast-qual -Wcast-align -Wwrite-strings -Wconversion  -Wjump-misses-init  conftest.c >&5
configure:14376: $? = 0
configure:14385: result: yes
configure:14401: : CFLAGS="$CFLAGS"
configure:14404: $? = 0
configure:14432: checking whether C compiler accepts -Wlogical-op
configure:14451: gcc -c -g -O2 -Wextra -pedantic -ansi -Werror -Wdouble-promotion -Wformat=2 -Wswitch-default -Wswitch-enum -Wuninitialized -Wstrict-aliasing=1 -Wstrict-overflow=5 -Wsuggest-attribute=pure -Wsuggest-attribute=noreturn -Wsuggest-attribute=format -Warray-bounds=2 -Wtrampolines -Wfloat-equal -Wtraditional-conversion -Wdeclaration-after-statement -Wundef -Wshadow -Wunsafe-loop-optimizations -Wbad-function-cast -Wcast-qual -Wcast-align -Wwrite-strings -Wconversion -Wjump-misses-init  -Wlogical-op  conftest.c >&5
configure:14451: $? = 0
configure:14460: result: yes
configure:14476: : CFLAGS="$CFLAGS"
configure:14479: $? = 0
configure:14507: checking whether C compiler accepts -Waggregate-return
configure:14526: gcc -c -g -O2 -Wextra -pedantic -ansi -Werror -Wdouble-promotion -Wformat=2 -Wswitch-default -Wswitch-enum -Wuninitialized -Wstrict-aliasing=1 -Wstrict-overflow=5 -Wsuggest-attribute=pure -Wsuggest-attribute=noreturn -Wsuggest-attribute=format -Warray-bounds=2 -Wtrampolines -Wfloat-equal -Wtraditional-conversion -Wdeclaration-after-statement -Wundef -Wshadow -Wunsafe-loop-optimizations -Wbad-function-cast -Wcast-qual -Wcast-align -Wwrite-strings -Wconversion -Wjump-misses-init -Wlogical-op  -Waggregate-return  conftest.c >&5
configure:14526: $? = 0
configure:14535: result: yes
configure:14551: : CFLAGS="$CFLAGS"
configure:14554: $? = 0
configure:14584: checking whether C compiler accepts -Wstrict-prototypes
configure:14603: gcc -c -g -O2 -Wextra -pedantic -ansi -Werror -Wdouble-promotion -Wformat=2 -Wswitch-default -Wswitch-enum -Wuninitialized -Wstrict-aliasing=1 -Wstrict-overflow=5 -Wsuggest-attribute=pure -Wsuggest-attribute=noreturn -Wsuggest-attribute=format -Warray-bounds=2 -Wtrampolines -Wfloat-equal -Wtraditional-conversion -Wdeclaration-after-statement -Wundef -Wshadow -Wunsafe-loop-optimizations -Wbad-function-cast -Wcast-qual -Wcast-align -Wwrite-strings -Wconversion -Wjump-misses-init -Wlogical-op -Waggregate-return  -Wstrict-prototypes  conftest.c >&5
conftest.c:35:1: error: function declaration isn't a prototype [-Werror=strict-prototypes]
 main ()
 ^~~~
cc1: all warnings being treated as errors
configure:14603: $? = 1
configure: failed program was:
| /* confdefs.h */
| #define PACKAGE_NAME "libeztcp"
| #define PACKAGE_TARNAME "libeztcp"
| #define PACKAGE_VERSION "0.0"
| #define PACKAGE_STRING "libeztcp 0.0"
| #define PACKAGE_BUGREPORT "laurence.a.maddox@gmail.com"
| #define PACKAGE_URL ""
| #define PACKAGE "libeztcp"
| #define VERSION "0.0"
| #define STDC_HEADERS 1
| #define HAVE_SYS_TYPES_H 1
| #define HAVE_SYS_STAT_H 1
| #define HAVE_STDLIB_H 1
| #define HAVE_STRING_H 1
| #define HAVE_MEMORY_H 1
| #define HAVE_STRINGS_H 1
| #define HAVE_INTTYPES_H 1
| #define HAVE_STDINT_H 1
| #define HAVE_UNISTD_H 1
| #define HAVE_DLFCN_H 1
| #define LT_OBJDIR ".libs/"
| #define HAVE_STDINT_H 1
| #define HAVE_STRINGS_H 1
| #define HAVE_UNISTD_H 1
| #define HAVE_ARPA_INET_H 1
| #define HAVE_NETINET_IN_H 1
| #define HAVE_SYS_TYPES_H 1
| #define HAVE_SYS_SOCKET_H 1
| #define HAVE_RESTART_H 1
| #define HAVE_GLITTER_H 1
| #define HAVE_LIBRESTART 1
| /* end confdefs.h.  */
| 
| int
| main ()
| {
| 
|   ;
|   return 0;
| }
configure:14612: result: no
configure:14659: checking whether C compiler accepts -Wmissing-prototypes
configure:14678: gcc -c -g -O2 -Wextra -pedantic -ansi -Werror -Wdouble-promotion -Wformat=2 -Wswitch-default -Wswitch-enum -Wuninitialized -Wstrict-aliasing=1 -Wstrict-overflow=5 -Wsuggest-attribute=pure -Wsuggest-attribute=noreturn -Wsuggest-attribute=format -Warray-bounds=2 -Wtrampolines -Wfloat-equal -Wtraditional-conversion -Wdeclaration-after-statement -Wundef -Wshadow -Wunsafe-loop-optimizations -Wbad-function-cast -Wcast-qual -Wcast-align -Wwrite-strings -Wconversion -Wjump-misses-init -Wlogical-op -Waggregate-return  -Wmissing-prototypes  conftest.c >&5
configure:14678: $? = 0
configure:14687: result: yes
configure:14703: : CFLAGS="$CFLAGS"
configure:14706: $? = 0
configure:14734: checking whether C compiler accepts -Wmissing-declarations
configure:14753: gcc -c -g -O2 -Wextra -pedantic -ansi -Werror -Wdouble-promotion -Wformat=2 -Wswitch-default -Wswitch-enum -Wuninitialized -Wstrict-aliasing=1 -Wstrict-overflow=5 -Wsuggest-attribute=pure -Wsuggest-attribute=noreturn -Wsuggest-attribute=format -Warray-bounds=2 -Wtrampolines -Wfloat-equal -Wtraditional-conversion -Wdeclaration-after-statement -Wundef -Wshadow -Wunsafe-loop-optimizations -Wbad-function-cast -Wcast-qual -Wcast-align -Wwrite-strings -Wconversion -Wjump-misses-init -Wlogical-op -Waggregate-return -Wmissing-prototypes  -Wmissing-declarations  conftest.c >&5
configure:14753: $? = 0
configure:14762: result: yes
configure:14778: : CFLAGS="$CFLAGS"
configure:14781: $? = 0
configure:14809: checking whether C compiler accepts -Wpacked
configure:14828: gcc -c -g -O2 -Wextra -pedantic -ansi -Werror -Wdouble-promotion -Wformat=2 -Wswitch-default -Wswitch-enum -Wuninitialized -Wstrict-aliasing=1 -Wstrict-overflow=5 -Wsuggest-attribute=pure -Wsuggest-attribute=noreturn -Wsuggest-attribute=format -Warray-bounds=2 -Wtrampolines -Wfloat-equal -Wtraditional-conversion -Wdeclaration-after-statement -Wundef -Wshadow -Wunsafe-loop-optimizations -Wbad-function-cast -Wcast-qual -Wcast-align -Wwrite-strings -Wconversion -Wjump-misses-init -Wlogical-op -Waggregate-return -Wmissing-prototypes -Wmissing-declarations  -Wpacked  conftest.c >&5
configure:14828: $? = 0
configure:14837: result: yes
configure:14853: : CFLAGS="$CFLAGS"
configure:14856: $? = 0
configure:14884: checking whether C compiler accepts -Wpadded
configure:14903: gcc -c -g -O2 -Wextra -pedantic -ansi -Werror -Wdouble-promotion -Wformat=2 -Wswitch-default -Wswitch-enum -Wuninitialized -Wstrict-aliasing=1 -Wstrict-overflow=5 -Wsuggest-attribute=pure -Wsuggest-attribute=noreturn -Wsuggest-attribute=format -Warray-bounds=2 -Wtrampolines -Wfloat-equal -Wtraditional-conversion -Wdeclaration-after-statement -Wundef -Wshadow -Wunsafe-loop-optimizations -Wbad-function-cast -Wcast-qual -Wcast-align -Wwrite-strings -Wconversion -Wjump-misses-init -Wlogical-op -Waggregate-return -Wmissing-prototypes -Wmissing-declarations -Wpacked  -Wpadded  conftest.c >&5
configure:14903: $? = 0
configure:14912: result: yes
configure:14928: : CFLAGS="$CFLAGS"
configure:14931: $? = 0
configure:14959: checking whether C compiler accepts -Wredundant-decls
configure:14978: gcc -c -g -O2 -Wextra -pedantic -ansi -Werror -Wdouble-promotion -Wformat=2 -Wswitch-default -Wswitch-enum -Wuninitialized -Wstrict-aliasing=1 -Wstrict-overflow=5 -Wsuggest-attribute=pure -Wsuggest-attribute=noreturn -Wsuggest-attribute=format -Warray-bounds=2 -Wtrampolines -Wfloat-equal -Wtraditional-conversion -Wdeclaration-after-statement -Wundef -Wshadow -Wunsafe-loop-optimizations -Wbad-function-cast -Wcast-qual -Wcast-align -Wwrite-strings -Wconversion -Wjump-misses-init -Wlogical-op -Waggregate-return -Wmissing-prototypes -Wmissing-declarations -Wpacked -Wpadded  -Wredundant-decls  conftest.c >&5
configure:14978: $? = 0
configure:14987: result: yes
configure:15003: : CFLAGS="$CFLAGS"
configure:15006: $? = 0
configure:15034: checking whether C compiler accepts -Wnested-externs
configure:15053: gcc -c -g -O2 -Wextra -pedantic -ansi -Werror -Wdouble-promotion -Wformat=2 -Wswitch-default -Wswitch-enum -Wuninitialized -Wstrict-aliasing=1 -Wstrict-overflow=5 -Wsuggest-attribute=pure -Wsuggest-attribute=noreturn -Wsuggest-attribute=format -Warray-bounds=2 -Wtrampolines -Wfloat-equal -Wtraditional-conversion -Wdeclaration-after-statement -Wundef -Wshadow -Wunsafe-loop-optimizations -Wbad-function-cast -Wcast-qual -Wcast-align -Wwrite-strings -Wconversion -Wjump-misses-init -Wlogical-op -Waggregate-return -Wmissing-prototypes -Wmissing-declarations -Wpacked -Wpadded -Wredundant-decls  -Wnested-externs  conftest.c >&5
configure:15053: $? = 0
configure:15062: result: yes
configure:15078: : CFLAGS="$CFLAGS"
configure:15081: $? = 0
configure:15109: checking whether C compiler accepts -Winline
configure:15128: gcc -c -g -O2 -Wextra -pedantic -ansi -Werror -Wdouble-promotion -Wformat=2 -Wswitch-default -Wswitch-enum -Wuninitialized -Wstrict-aliasing=1 -Wstrict-overflow=5 -Wsuggest-attribute=pure -Wsuggest-attribute=noreturn -Wsuggest-attribute=format -Warray-bounds=2 -Wtrampolines -Wfloat-equal -Wtraditional-conversion -Wdeclaration-after-statement -Wundef -Wshadow -Wunsafe-loop-optimizations -Wbad-function-cast -Wcast-qual -Wcast-align -Wwrite-strings -Wconversion -Wjump-misses-init -Wlogical-op -Waggregate-return -Wmissing-prototypes -Wmissing-declarations -Wpacked -Wpadded -Wredundant-decls -Wnested-externs  -Winline  conftest.c >&5
configure:15128: $? = 0
configure:15137: result: yes
configure:15153: : CFLAGS="$CFLAGS"
configure:15156: $? = 0
configure:15184: checking whether C compiler accepts -Wvector-operation-performance
configure:15203: gcc -c -g -O2 -Wextra -pedantic -ansi -Werror -Wdouble-promotion -Wformat=2 -Wswitch-default -Wswitch-enum -Wuninitialized -Wstrict-aliasing=1 -Wstrict-overflow=5 -Wsuggest-attribute=pure -Wsuggest-attribute=noreturn -Wsuggest-attribute=format -Warray-bounds=2 -Wtrampolines -Wfloat-equal -Wtraditional-conversion -Wdeclaration-after-statement -Wundef -Wshadow -Wunsafe-loop-optimizations -Wbad-function-cast -Wcast-qual -Wcast-align -Wwrite-strings -Wconversion -Wjump-misses-init -Wlogical-op -Waggregate-return -Wmissing-prototypes -Wmissing-declarations -Wpacked -Wpadded -Wredundant-decls -Wnested-externs -Winline  -Wvector-operation-performance  conftest.c >&5
configure:15203: $? = 0
configure:15212: result: yes
configure:15228: : CFLAGS="$CFLAGS"
configure:15231: $? = 0
configure:15259: checking whether C compiler accepts -Wdisabled-optimization
configure:15278: gcc -c -g -O2 -Wextra -pedantic -ansi -Werror -Wdouble-promotion -Wformat=2 -Wswitch-default -Wswitch-enum -Wuninitialized -Wstrict-aliasing=1 -Wstrict-overflow=5 -Wsuggest-attribute=pure -Wsuggest-attribute=noreturn -Wsuggest-attribute=format -Warray-bounds=2 -Wtrampolines -Wfloat-equal -Wtraditional-conversion -Wdeclaration-after-statement -Wundef -Wshadow -Wunsafe-loop-optimizations -Wbad-function-cast -Wcast-qual -Wcast-align -Wwrite-strings -Wconversion -Wjump-misses-init -Wlogical-op -Waggregate-return -Wmissing-prototypes -Wmissing-declarations -Wpacked -Wpadded -Wredundant-decls -Wnested-externs -Winline -Wvector-operation-performance  -Wdisabled-optimization  conftest.c >&5
configure:15278: $? = 0
configure:15287: result: yes
configure:15303: : CFLAGS="$CFLAGS"
configure:15306: $? = 0
configure:15334: checking whether C compiler accepts -Wstack-protector
configure:15353: gcc -c -g -O2 -Wextra -pedantic -ansi -Werror -Wdouble-promotion -Wformat=2 -Wswitch-default -Wswitch-enum -Wuninitialized -Wstrict-aliasing=1 -Wstrict-overflow=5 -Wsuggest-attribute=pure -Wsuggest-attribute=noreturn -Wsuggest-attribute=format -Warray-bounds=2 -Wtrampolines -Wfloat-equal -Wtraditional-conversion -Wdeclaration-after-statement -Wundef -Wshadow -Wunsafe-loop-optimizations -Wbad-function-cast -Wcast-qual -Wcast-align -Wwrite-strings -Wconversion -Wjump-misses-init -Wlogical-op -Waggregate-return -Wmissing-prototypes -Wmissing-declarations -Wpacked -Wpadded -Wredundant-decls -Wnested-externs -Winline -Wvector-operation-performance -Wdisabled-optimization  -Wstack-protector  conftest.c >&5
configure:15353: $? = 0
configure:15362: result: yes
configure:15378: : CFLAGS="$CFLAGS"
configure:15381: $? = 0
configure:15409: checking whether C compiler accepts -Wunsuffixed-float-constants
configure:15428: gcc -c -g -O2 -Wextra -pedantic -ansi -Werror -Wdouble-promotion -Wformat=2 -Wswitch-default -Wswitch-enum -Wuninitialized -Wstrict-aliasing=1 -Wstrict-overflow=5 -Wsuggest-attribute=pure -Wsuggest-attribute=noreturn -Wsuggest-attribute=format -Warray-bounds=2 -Wtrampolines -Wfloat-equal -Wtraditional-conversion -Wdeclaration-after-statement -Wundef -Wshadow -Wunsafe-loop-optimizations -Wbad-function-cast -Wcast-qual -Wcast-align -Wwrite-strings -Wconversion -Wjump-misses-init -Wlogical-op -Waggregate-return -Wmissing-prototypes -Wmissing-declarations -Wpacked -Wpadded -Wredundant-decls -Wnested-externs -Winline -Wvector-operation-performance -Wdisabled-optimization -Wstack-protector  -Wunsuffixed-float-constants  conftest.c >&5
configure:15428: $? = 0
configure:15437: result: yes
configure:15453: : CFLAGS="$CFLAGS"
configure:15456: $? = 0
configure:15484: checking whether C compiler accepts -Winit-self
configure:15503: gcc -c -g -O2 -Wextra -pedantic -ansi -Werror -Wdouble-promotion -Wformat=2 -Wswitch-default -Wswitch-enum -Wuninitialized -Wstrict-aliasing=1 -Wstrict-overflow=5 -Wsuggest-attribute=pure -Wsuggest-attribute=noreturn -Wsuggest-attribute=format -Warray-bounds=2 -Wtrampolines -Wfloat-equal -Wtraditional-conversion -Wdeclaration-after-statement -Wundef -Wshadow -Wunsafe-loop-optimizations -Wbad-function-cast -Wcast-qual -Wcast-align -Wwrite-strings -Wconversion -Wjump-misses-init -Wlogical-op -Waggregate-return -Wmissing-prototypes -Wmissing-declarations -Wpacked -Wpadded -Wredundant-decls -Wnested-externs -Winline -Wvector-operation-performance -Wdisabled-optimization -Wstack-protector -Wunsuffixed-float-constants  -Winit-self  conftest.c >&5
configure:15503: $? = 0
configure:15512: result: yes
configure:15528: : CFLAGS="$CFLAGS"
configure:15531: $? = 0
configure:15665: checking that generated files are newer than configure
configure:15671: result: done
configure:15698: creating ./config.status

## ---------------------- ##
## Running config.status. ##
## ---------------------- ##

This file was extended by libeztcp config.status 0.0, which was
generated by GNU Autoconf 2.69.  Invocation command line was

  CONFIG_FILES    = 
  CONFIG_HEADERS  = 
  CONFIG_LINKS    = 
  CONFIG_COMMANDS = 
  $ ./config.status 

on Momo-Precision-WorkStation-T3500

config.status:1103: creating Makefile
config.status:1103: creating src/Makefile
config.status:1103: creating config.h
config.status:1284: config.h is unchanged
config.status:1332: executing depfiles commands
config.status:1332: executing libtool commands

## ---------------- ##
## Cache variables. ##
## ---------------- ##

ac_cv_build=x86_64-pc-linux-gnu
ac_cv_c_compiler_gnu=yes
ac_cv_env_CC_set=
ac_cv_env_CC_value=
ac_cv_env_CFLAGS_set=
ac_cv_env_CFLAGS_value=
ac_cv_env_CPPFLAGS_set=
ac_cv_env_CPPFLAGS_value=
ac_cv_env_CPP_set=
ac_cv_env_CPP_value=
ac_cv_env_LDFLAGS_set=
ac_cv_env_LDFLAGS_value=
ac_cv_env_LIBS_set=
ac_cv_env_LIBS_value=
ac_cv_env_LT_SYS_LIBRARY_PATH_set=
ac_cv_env_LT_SYS_LIBRARY_PATH_value=
ac_cv_env_build_alias_set=
ac_cv_env_build_alias_value=
ac_cv_env_host_alias_set=
ac_cv_env_host_alias_value=
ac_cv_env_target_alias_set=
ac_cv_env_target_alias_value=
ac_cv_header_arpa_inet_h=yes
ac_cv_header_dlfcn_h=yes
ac_cv_header_glitter_h=yes
ac_cv_header_inttypes_h=yes
ac_cv_header_memory_h=yes
ac_cv_header_netinet_in_h=yes
ac_cv_header_restart_h=yes
ac_cv_header_stdc=yes
ac_cv_header_stdint_h=yes
ac_cv_header_stdlib_h=yes
ac_cv_header_string_h=yes
ac_cv_header_strings_h=yes
ac_cv_header_sys_socket_h=yes
ac_cv_header_sys_stat_h=yes
ac_cv_header_sys_types_h=yes
ac_cv_header_unistd_h=yes
ac_cv_host=x86_64-pc-linux-gnu
ac_cv_lib_restart_r_close=yes
ac_cv_objext=o
ac_cv_path_EGREP='/bin/grep -E'
ac_cv_path_FGREP='/bin/grep -F'
ac_cv_path_GREP=/bin/grep
ac_cv_path_SED=/bin/sed
ac_cv_path_install='/usr/bin/install -c'
ac_cv_path_lt_DD=/bin/dd
ac_cv_path_mkdir=/bin/mkdir
ac_cv_prog_AWK=mawk
ac_cv_prog_CPP='gcc -E'
ac_cv_prog_ac_ct_AR=ar
ac_cv_prog_ac_ct_CC=gcc
ac_cv_prog_ac_ct_MANIFEST_TOOL=mt
ac_cv_prog_ac_ct_OBJDUMP=objdump
ac_cv_prog_ac_ct_RANLIB=ranlib
ac_cv_prog_ac_ct_STRIP=strip
ac_cv_prog_cc_c89=
ac_cv_prog_cc_g=yes
ac_cv_prog_make_make_set=yes
am_cv_CC_dependencies_compiler_type=gcc3
am_cv_ar_interface=ar
am_cv_make_support_nested_variables=yes
am_cv_prog_cc_c_o=yes
ax_cv_check_cflags___Waggregate_return=yes
ax_cv_check_cflags___Warray_bounds_2=yes
ax_cv_check_cflags___Wbad_function_cast=yes
ax_cv_check_cflags___Wcast_align=yes
ax_cv_check_cflags___Wcast_qual=yes
ax_cv_check_cflags___Wconversion=yes
ax_cv_check_cflags___Wdeclaration_after_statement=yes
ax_cv_check_cflags___Wdisabled_optimization=yes
ax_cv_check_cflags___Wdouble_promotion=yes
ax_cv_check_cflags___Werror=yes
ax_cv_check_cflags___Wextra=yes
ax_cv_check_cflags___Wfloat_equal=yes
ax_cv_check_cflags___Wformat_2=yes
ax_cv_check_cflags___Winit_self=yes
ax_cv_check_cflags___Winline=yes
ax_cv_check_cflags___Wjump_misses_init=yes
ax_cv_check_cflags___Wlogical_op=yes
ax_cv_check_cflags___Wmissing_declarations=yes
ax_cv_check_cflags___Wmissing_prototypes=yes
ax_cv_check_cflags___Wnested_externs=yes
ax_cv_check_cflags___Wpacked=yes
ax_cv_check_cflags___Wpadded=yes
ax_cv_check_cflags___Wredundant_decls=yes
ax_cv_check_cflags___Wshadow=yes
ax_cv_check_cflags___Wstack_protector=yes
ax_cv_check_cflags___Wstrict_aliasing_1=yes
ax_cv_check_cflags___Wstrict_overflow_5=yes
ax_cv_check_cflags___Wstrict_prototypes=no
ax_cv_check_cflags___Wsuggest_attribute_const=no
ax_cv_check_cflags___Wsuggest_attribute_format=yes
ax_cv_check_cflags___Wsuggest_attribute_noreturn=yes
ax_cv_check_cflags___Wsuggest_attribute_pure=yes
ax_cv_check_cflags___Wswitch_default=yes
ax_cv_check_cflags___Wswitch_enum=yes
ax_cv_check_cflags___Wtraditional_conversion=yes
ax_cv_check_cflags___Wtrampolines=yes
ax_cv_check_cflags___Wundef=yes
ax_cv_check_cflags___Wuninitialized=yes
ax_cv_check_cflags___Wunsafe_loop_optimizations=yes
ax_cv_check_cflags___Wunsuffixed_float_constants=yes
ax_cv_check_cflags___Wvector_operation_performance=yes
ax_cv_check_cflags___Wwrite_strings=yes
ax_cv_check_cflags___ansi=yes
ax_cv_check_cflags___pedantic=yes
lt_cv_ar_at_file=@
lt_cv_archive_cmds_need_lc=no
lt_cv_deplibs_check_method=pass_all
lt_cv_file_magic_cmd='$MAGIC_CMD'
lt_cv_file_magic_test_file=
lt_cv_ld_reload_flag=-r
lt_cv_nm_interface='BSD nm'
lt_cv_objdir=.libs
lt_cv_path_LD=/usr/bin/ld
lt_cv_path_NM='/usr/bin/nm -B'
lt_cv_path_mainfest_tool=no
lt_cv_prog_compiler_c_o=yes
lt_cv_prog_compiler_pic='-fPIC -DPIC'
lt_cv_prog_compiler_pic_works=yes
lt_cv_prog_compiler_rtti_exceptions=no
lt_cv_prog_compiler_static_works=yes
lt_cv_prog_gnu_ld=yes
lt_cv_sharedlib_from_linklib_cmd='printf %s\n'
lt_cv_shlibpath_overrides_runpath=yes
lt_cv_sys_global_symbol_pipe='sed -n -e '\''s/^.*[	 ]\([ABCDGIRSTW][ABCDGIRSTW]*\)[	 ][	 ]*\([_A-Za-z][_A-Za-z0-9]*\)$/\1 \2 \2/p'\'' | sed '\''/ __gnu_lto/d'\'''
lt_cv_sys_global_symbol_to_c_name_address='sed -n -e '\''s/^: \(.*\) .*$/  {"\1", (void *) 0},/p'\'' -e '\''s/^[ABCDGIRSTW][ABCDGIRSTW]* .* \(.*\)$/  {"\1", (void *) \&\1},/p'\'''
lt_cv_sys_global_symbol_to_c_name_address_lib_prefix='sed -n -e '\''s/^: \(.*\) .*$/  {"\1", (void *) 0},/p'\'' -e '\''s/^[ABCDGIRSTW][ABCDGIRSTW]* .* \(lib.*\)$/  {"\1", (void *) \&\1},/p'\'' -e '\''s/^[ABCDGIRSTW][ABCDGIRSTW]* .* \(.*\)$/  {"lib\1", (void *) \&\1},/p'\'''
lt_cv_sys_global_symbol_to_cdecl='sed -n -e '\''s/^T .* \(.*\)$/extern int \1();/p'\'' -e '\''s/^[ABCDGIRSTW][ABCDGIRSTW]* .* \(.*\)$/extern char \1;/p'\'''
lt_cv_sys_global_symbol_to_import=
lt_cv_sys_max_cmd_len=1572864
lt_cv_to_host_file_cmd=func_convert_file_noop
lt_cv_to_tool_file_cmd=func_convert_file_noop
lt_cv_truncate_bin='/bin/dd bs=4096 count=1'

## ----------------- ##
## Output variables. ##
## ----------------- ##

ACLOCAL='${SHELL} /home/momobiblebender/src/eztcp/build-aux/missing aclocal-1.15'
AMDEPBACKSLASH='\'
AMDEP_FALSE='#'
AMDEP_TRUE=''
AMTAR='$${TAR-tar}'
AM_BACKSLASH='\'
AM_DEFAULT_V='$(AM_DEFAULT_VERBOSITY)'
AM_DEFAULT_VERBOSITY='1'
AM_V='$(V)'
AR='ar'
AUTOCONF='${SHELL} /home/momobiblebender/src/eztcp/build-aux/missing autoconf'
AUTOHEADER='${SHELL} /home/momobiblebender/src/eztcp/build-aux/missing autoheader'
AUTOMAKE='${SHELL} /home/momobiblebender/src/eztcp/build-aux/missing automake-1.15'
AWK='mawk'
CC='gcc'
CCDEPMODE='depmode=gcc3'
CFLAGS='-g -O2 -Wextra -pedantic -ansi -Werror -Wdouble-promotion -Wformat=2 -Wswitch-default -Wswitch-enum -Wuninitialized -Wstrict-aliasing=1 -Wstrict-overflow=5 -Wsuggest-attribute=pure -Wsuggest-attribute=noreturn -Wsuggest-attribute=format -Warray-bounds=2 -Wtrampolines -Wfloat-equal -Wtraditional-conversion -Wdeclaration-after-statement -Wundef -Wshadow -Wunsafe-loop-optimizations -Wbad-function-cast -Wcast-qual -Wcast-align -Wwrite-strings -Wconversion -Wjump-misses-init -Wlogical-op -Waggregate-return -Wmissing-prototypes -Wmissing-declarations -Wpacked -Wpadded -Wredundant-decls -Wnested-externs -Winline -Wvector-operation-performance -Wdisabled-optimization -Wstack-protector -Wunsuffixed-float-constants -Winit-self'
CPP='gcc -E'
CPPFLAGS=''
CYGPATH_W='echo'
DEFS='-DHAVE_CONFIG_H'
DEPDIR='.deps'
DLLTOOL='false'
DSYMUTIL=''
DUMPBIN=''
ECHO_C=''
ECHO_N='-n'
ECHO_T=''
EGREP='/bin/grep -E'
EXEEXT=''
FGREP='/bin/grep -F'
GREP='/bin/grep'
INSTALL_DATA='${INSTALL} -m 644'
INSTALL_PROGRAM='${INSTALL}'
INSTALL_SCRIPT='${INSTALL}'
INSTALL_STRIP_PROGRAM='$(install_sh) -c -s'
LD='/usr/bin/ld -m elf_x86_64'
LDFLAGS=''
LIBEZTCP_CLIENT_LIBADD='-lrestart'
LIBEZTCP_SERVER_LIBADD='-lrestart'
LIBOBJS=''
LIBS='-lrestart '
LIBTOOL='$(SHELL) $(top_builddir)/libtool'
LIPO=''
LN_S='ln -s'
LTLIBOBJS=''
LT_SYS_LIBRARY_PATH=''
MAKEINFO='${SHELL} /home/momobiblebender/src/eztcp/build-aux/missing makeinfo'
MANIFEST_TOOL=':'
MKDIR_P='/bin/mkdir -p'
NM='/usr/bin/nm -B'
NMEDIT=''
OBJDUMP='objdump'
OBJEXT='o'
OTOOL64=''
OTOOL=''
PACKAGE='libeztcp'
PACKAGE_BUGREPORT='laurence.a.maddox@gmail.com'
PACKAGE_NAME='libeztcp'
PACKAGE_STRING='libeztcp 0.0'
PACKAGE_TARNAME='libeztcp'
PACKAGE_URL=''
PACKAGE_VERSION='0.0'
PATH_SEPARATOR=':'
RANLIB='ranlib'
SED='/bin/sed'
SET_MAKE=''
SHELL='/bin/bash'
STRIP='strip'
USE_SUBMODULES_FALSE=''
USE_SUBMODULES_TRUE='#'
VERSION='0.0'
ac_ct_AR='ar'
ac_ct_CC='gcc'
ac_ct_DUMPBIN=''
am__EXEEXT_FALSE=''
am__EXEEXT_TRUE='#'
am__fastdepCC_FALSE='#'
am__fastdepCC_TRUE=''
am__include='include'
am__isrc=''
am__leading_dot='.'
am__nodep='_no'
am__quote=''
am__tar='$${TAR-tar} chof - "$$tardir"'
am__untar='$${TAR-tar} xf -'
bindir='${exec_prefix}/bin'
build='x86_64-pc-linux-gnu'
build_alias=''
build_cpu='x86_64'
build_os='linux-gnu'
build_vendor='pc'
datadir='${datarootdir}'
datarootdir='${prefix}/share'
docdir='${datarootdir}/doc/${PACKAGE_TARNAME}'
dvidir='${docdir}'
exec_prefix='${prefix}'
host='x86_64-pc-linux-gnu'
host_alias=''
host_cpu='x86_64'
host_os='linux-gnu'
host_vendor='pc'
htmldir='${docdir}'
includedir='${prefix}/include'
infodir='${datarootdir}/info'
install_sh='${SHELL} /home/momobiblebender/src/eztcp/build-aux/install-sh'
libdir='${exec_prefix}/lib'
libexecdir='${exec_prefix}/libexec'
localedir='${datarootdir}/locale'
localstatedir='${prefix}/var'
mandir='${datarootdir}/man'
mkdir_p='$(MKDIR_P)'
oldincludedir='/usr/include'
pdfdir='${docdir}'
prefix='/usr/local'
program_transform_name='s,x,x,'
psdir='${docdir}'
runstatedir='${localstatedir}/run'
sbindir='${exec_prefix}/sbin'
sharedstatedir='${prefix}/com'
sysconfdir='${prefix}/etc'
target_alias=''

## ----------- ##
## confdefs.h. ##
## ----------- ##

/* confdefs.h */
#define PACKAGE_NAME "libeztcp"
#define PACKAGE_TARNAME "libeztcp"
#define PACKAGE_VERSION "0.0"
#define PACKAGE_STRING "libeztcp 0.0"
#define PACKAGE_BUGREPORT "laurence.a.maddox@gmail.com"
#define PACKAGE_URL ""
#define PACKAGE "libeztcp"
#define VERSION "0.0"
#define STDC_HEADERS 1
#define HAVE_SYS_TYPES_H 1
#define HAVE_SYS_STAT_H 1
#define HAVE_STDLIB_H 1
#define HAVE_STRING_H 1
#define HAVE_MEMORY_H 1
#define HAVE_STRINGS_H 1
#define HAVE_INTTYPES_H 1
#define HAVE_STDINT_H 1
#define HAVE_UNISTD_H 1
#define HAVE_DLFCN_H 1
#define LT_OBJDIR ".libs/"
#define HAVE_STDINT_H 1
#define HAVE_STRINGS_H 1
#define HAVE_UNISTD_H 1
#define HAVE_ARPA_INET_H 1
#define HAVE_NETINET_IN_H 1
#define HAVE_SYS_TYPES_H 1
#define HAVE_SYS_SOCKET_H 1
#define HAVE_RESTART_H 1
#define HAVE_GLITTER_H 1
#define HAVE_LIBRESTART 1

configure: exit 0
